info it worked if it ends with ok
verbose cli [ 'C:\\Program Files\\nodejs\\\\node.exe',
verbose cli   'C:\\Program Files\\nodejs\\node_modules\\npm\\bin\\npm-cli.js',
verbose cli   'install',
verbose cli   'gzippo' ]
info using npm@1.1.1
info using node@v0.6.11
verbose config file C:\Documents and Settings\omiga\.npmrc
verbose config file C:\Program Files\nodejs\etc\npmrc
verbose config file C:\Program Files\nodejs\node_modules\npm\npmrc
verbose mkdir done: C:\Documents and Settings\omiga\Application Data\npm 755
verbose mkdir done: F:\website\node 755
verbose caching F:\website\node\node_modules\express\package.json
verbose loadDefaults express@2.5.8
verbose cache add [ 'gzippo', null ]
silly cache add: name, spec, args [ undefined, 'gzippo', [ 'gzippo', null ] ]
verbose parsed url { pathname: 'gzippo', path: 'gzippo', href: 'gzippo' }
verbose addNamed [ 'gzippo', '' ]
verbose addNamed [ null, '' ]
silly name, range, hasData [ 'gzippo', '', false ]
verbose raw, before any munging gzippo
verbose url resolving [ 'https://registry.npmjs.org/', './gzippo' ]
verbose url resolved https://registry.npmjs.org/gzippo
http GET https://registry.npmjs.org/gzippo
ERR! Error: failed to fetch from registry: gzippo
ERR!     at C:\Program Files\nodejs\node_modules\npm\lib\utils\npm-registry-client\get.js:139:12
ERR!     at cb (C:\Program Files\nodejs\node_modules\npm\lib\utils\npm-registry-client\request.js:32:9)
ERR!     at Request._callback (C:\Program Files\nodejs\node_modules\npm\lib\utils\npm-registry-client\request.js:137:18)
ERR!     at Request.callback (C:\Program Files\nodejs\node_modules\npm\node_modules\request\main.js:109:22)
ERR!     at Request.<anonymous> (C:\Program Files\nodejs\node_modules\npm\node_modules\request\main.js:198:58)
ERR!     at Request.emit (events.js:88:20)
ERR!     at ClientRequest.<anonymous> (C:\Program Files\nodejs\node_modules\npm\node_modules\request\main.js:195:10)
ERR!     at ClientRequest.emit (events.js:67:17)
ERR!     at CleartextStream.<anonymous> (http.js:1137:11)
ERR!     at CleartextStream.emit (events.js:67:17)
ERR! You may report this log at:
ERR!     <http://github.com/isaacs/npm/issues>
ERR! or email it to:
ERR!     <npm-@googlegroups.com>
ERR! 
ERR! System Windows_NT 5.1.2600
ERR! command "C:\\Program Files\\nodejs\\\\node.exe" "C:\\Program Files\\nodejs\\node_modules\\npm\\bin\\npm-cli.js" "install" "gzippo"
ERR! cwd F:\website\node
ERR! node -v v0.6.11
ERR! npm -v 1.1.1
ERR! message failed to fetch from registry: gzippo
verbose exit [ 1, true ]
